{"/Users/saifurrehman/Desktop/POCs/cumulus-bank/Accounts-Microservice/src/functions.ts": {"path":"/Users/saifurrehman/Desktop/POCs/cumulus-bank/Accounts-Microservice/src/functions.ts","statementMap":{"0":{"start":{"line":1,"column":14},"end":{"line":1,"column":30}},"1":{"start":{"line":2,"column":19},"end":{"line":72,"column":2}},"2":{"start":{"line":73,"column":18},"end":{"line":99,"column":2}},"3":{"start":{"line":75,"column":4},"end":{"line":78,"column":null}},"4":{"start":{"line":77,"column":19},"end":{"line":77,"column":28}},"5":{"start":{"line":78,"column":20},"end":{"line":78,"column":28}},"6":{"start":{"line":80,"column":4},"end":{"line":83,"column":null}},"7":{"start":{"line":82,"column":19},"end":{"line":82,"column":28}},"8":{"start":{"line":83,"column":20},"end":{"line":83,"column":28}},"9":{"start":{"line":85,"column":2},"end":{"line":88,"column":null}},"10":{"start":{"line":87,"column":15},"end":{"line":87,"column":24}},"11":{"start":{"line":88,"column":16},"end":{"line":88,"column":24}},"12":{"start":{"line":90,"column":2},"end":{"line":93,"column":null}},"13":{"start":{"line":92,"column":15},"end":{"line":92,"column":24}},"14":{"start":{"line":93,"column":16},"end":{"line":93,"column":24}},"15":{"start":{"line":95,"column":2},"end":{"line":98,"column":null}},"16":{"start":{"line":97,"column":15},"end":{"line":97,"column":24}},"17":{"start":{"line":98,"column":16},"end":{"line":98,"column":24}},"18":{"start":{"line":100,"column":0},"end":{"line":100,"column":27}}},"fnMap":{"0":{"name":"(anonymous_0)","decl":{"start":{"line":74,"column":16},"end":{"line":74,"column":null}},"loc":{"start":{"line":74,"column":16},"end":{"line":75,"column":9}}},"1":{"name":"(anonymous_1)","decl":{"start":{"line":77,"column":12},"end":{"line":77,"column":15}},"loc":{"start":{"line":77,"column":15},"end":{"line":77,"column":22}}},"2":{"name":"(anonymous_2)","decl":{"start":{"line":78,"column":13},"end":{"line":78,"column":16}},"loc":{"start":{"line":78,"column":16},"end":{"line":78,"column":27}}},"3":{"name":"(anonymous_3)","decl":{"start":{"line":79,"column":14},"end":{"line":79,"column":null}},"loc":{"start":{"line":79,"column":14},"end":{"line":80,"column":9}}},"4":{"name":"(anonymous_4)","decl":{"start":{"line":82,"column":12},"end":{"line":82,"column":15}},"loc":{"start":{"line":82,"column":15},"end":{"line":82,"column":22}}},"5":{"name":"(anonymous_5)","decl":{"start":{"line":83,"column":13},"end":{"line":83,"column":16}},"loc":{"start":{"line":83,"column":16},"end":{"line":83,"column":27}}},"6":{"name":"(anonymous_6)","decl":{"start":{"line":84,"column":17},"end":{"line":84,"column":null}},"loc":{"start":{"line":84,"column":17},"end":{"line":85,"column":7}}},"7":{"name":"(anonymous_7)","decl":{"start":{"line":87,"column":8},"end":{"line":87,"column":11}},"loc":{"start":{"line":87,"column":11},"end":{"line":87,"column":18}}},"8":{"name":"(anonymous_8)","decl":{"start":{"line":88,"column":9},"end":{"line":88,"column":12}},"loc":{"start":{"line":88,"column":12},"end":{"line":88,"column":23}}},"9":{"name":"(anonymous_9)","decl":{"start":{"line":89,"column":18},"end":{"line":89,"column":19}},"loc":{"start":{"line":89,"column":21},"end":{"line":90,"column":7}}},"10":{"name":"(anonymous_10)","decl":{"start":{"line":92,"column":8},"end":{"line":92,"column":11}},"loc":{"start":{"line":92,"column":11},"end":{"line":92,"column":18}}},"11":{"name":"(anonymous_11)","decl":{"start":{"line":93,"column":9},"end":{"line":93,"column":12}},"loc":{"start":{"line":93,"column":12},"end":{"line":93,"column":23}}},"12":{"name":"(anonymous_12)","decl":{"start":{"line":94,"column":18},"end":{"line":94,"column":19}},"loc":{"start":{"line":94,"column":21},"end":{"line":95,"column":7}}},"13":{"name":"(anonymous_13)","decl":{"start":{"line":97,"column":8},"end":{"line":97,"column":11}},"loc":{"start":{"line":97,"column":11},"end":{"line":97,"column":18}}},"14":{"name":"(anonymous_14)","decl":{"start":{"line":98,"column":9},"end":{"line":98,"column":12}},"loc":{"start":{"line":98,"column":12},"end":{"line":98,"column":23}}}},"branchMap":{},"s":{"0":1,"1":1,"2":1,"3":1,"4":1,"5":0,"6":1,"7":1,"8":0,"9":1,"10":1,"11":0,"12":1,"13":1,"14":0,"15":2,"16":2,"17":0,"18":1},"f":{"0":1,"1":1,"2":0,"3":1,"4":1,"5":0,"6":1,"7":1,"8":0,"9":1,"10":1,"11":0,"12":2,"13":2,"14":0},"b":{}}
,"/Users/saifurrehman/Desktop/POCs/cumulus-bank/Accounts-Microservice/src/controllers/listing/lib/controllers/crmController.ts": {"path":"/Users/saifurrehman/Desktop/POCs/cumulus-bank/Accounts-Microservice/src/controllers/listing/lib/controllers/crmController.ts","statementMap":{"0":{"start":{"line":1,"column":0},"end":{"line":1,"column":37}},"1":{"start":{"line":2,"column":0},"end":{"line":2,"column":51}},"2":{"start":{"line":5,"column":16},"end":{"line":5,"column":56}},"3":{"start":{"line":6,"column":0},"end":{"line":6,"column":13}},"4":{"start":{"line":7,"column":9},"end":{"line":17,"column":null}},"5":{"start":{"line":8,"column":4},"end":{"line":8,"column":54}},"6":{"start":{"line":9,"column":21},"end":{"line":9,"column":42}},"7":{"start":{"line":10,"column":4},"end":{"line":16,"column":7}},"8":{"start":{"line":11,"column":6},"end":{"line":14,"column":null}},"9":{"start":{"line":12,"column":8},"end":{"line":12,"column":38}},"10":{"start":{"line":13,"column":8},"end":{"line":13,"column":15}},"11":{"start":{"line":15,"column":6},"end":{"line":15,"column":24}},"12":{"start":{"line":18,"column":9},"end":{"line":28,"column":null}},"13":{"start":{"line":19,"column":4},"end":{"line":19,"column":54}},"14":{"start":{"line":20,"column":4},"end":{"line":27,"column":7}},"15":{"start":{"line":21,"column":6},"end":{"line":26,"column":null}},"16":{"start":{"line":22,"column":8},"end":{"line":22,"column":38}},"17":{"start":{"line":23,"column":8},"end":{"line":23,"column":15}},"18":{"start":{"line":25,"column":8},"end":{"line":25,"column":38}},"19":{"start":{"line":29,"column":9},"end":{"line":39,"column":null}},"20":{"start":{"line":30,"column":4},"end":{"line":30,"column":54}},"21":{"start":{"line":31,"column":4},"end":{"line":38,"column":7}},"22":{"start":{"line":32,"column":6},"end":{"line":37,"column":null}},"23":{"start":{"line":33,"column":8},"end":{"line":33,"column":38}},"24":{"start":{"line":34,"column":8},"end":{"line":34,"column":15}},"25":{"start":{"line":36,"column":8},"end":{"line":36,"column":38}},"26":{"start":{"line":41,"column":9},"end":{"line":51,"column":null}},"27":{"start":{"line":42,"column":4},"end":{"line":42,"column":54}},"28":{"start":{"line":43,"column":4},"end":{"line":50,"column":7}},"29":{"start":{"line":44,"column":6},"end":{"line":49,"column":null}},"30":{"start":{"line":45,"column":8},"end":{"line":45,"column":38}},"31":{"start":{"line":46,"column":8},"end":{"line":46,"column":15}},"32":{"start":{"line":48,"column":8},"end":{"line":48,"column":38}},"33":{"start":{"line":53,"column":9},"end":{"line":67,"column":null}},"34":{"start":{"line":54,"column":4},"end":{"line":54,"column":54}},"35":{"start":{"line":55,"column":4},"end":{"line":66,"column":6}},"36":{"start":{"line":60,"column":8},"end":{"line":63,"column":null}},"37":{"start":{"line":61,"column":10},"end":{"line":61,"column":40}},"38":{"start":{"line":62,"column":10},"end":{"line":62,"column":17}},"39":{"start":{"line":64,"column":8},"end":{"line":64,"column":26}},"40":{"start":{"line":69,"column":9},"end":{"line":82,"column":null}},"41":{"start":{"line":70,"column":4},"end":{"line":70,"column":54}},"42":{"start":{"line":71,"column":4},"end":{"line":81,"column":6}},"43":{"start":{"line":75,"column":8},"end":{"line":78,"column":null}},"44":{"start":{"line":76,"column":10},"end":{"line":76,"column":40}},"45":{"start":{"line":77,"column":10},"end":{"line":77,"column":17}},"46":{"start":{"line":79,"column":8},"end":{"line":79,"column":26}},"47":{"start":{"line":84,"column":9},"end":{"line":97,"column":null}},"48":{"start":{"line":85,"column":4},"end":{"line":85,"column":54}},"49":{"start":{"line":86,"column":4},"end":{"line":96,"column":6}},"50":{"start":{"line":90,"column":8},"end":{"line":93,"column":null}},"51":{"start":{"line":91,"column":10},"end":{"line":91,"column":40}},"52":{"start":{"line":92,"column":10},"end":{"line":92,"column":17}},"53":{"start":{"line":94,"column":8},"end":{"line":94,"column":26}},"54":{"start":{"line":99,"column":9},"end":{"line":112,"column":null}},"55":{"start":{"line":100,"column":4},"end":{"line":100,"column":54}},"56":{"start":{"line":101,"column":4},"end":{"line":111,"column":6}},"57":{"start":{"line":105,"column":8},"end":{"line":108,"column":null}},"58":{"start":{"line":106,"column":10},"end":{"line":106,"column":40}},"59":{"start":{"line":107,"column":10},"end":{"line":107,"column":17}},"60":{"start":{"line":109,"column":8},"end":{"line":109,"column":26}},"61":{"start":{"line":114,"column":9},"end":{"line":138,"column":null}},"62":{"start":{"line":115,"column":4},"end":{"line":115,"column":54}},"63":{"start":{"line":116,"column":4},"end":{"line":137,"column":6}},"64":{"start":{"line":131,"column":8},"end":{"line":134,"column":null}},"65":{"start":{"line":132,"column":10},"end":{"line":132,"column":40}},"66":{"start":{"line":133,"column":10},"end":{"line":133,"column":17}},"67":{"start":{"line":135,"column":8},"end":{"line":135,"column":26}},"68":{"start":{"line":140,"column":9},"end":{"line":149,"column":null}},"69":{"start":{"line":141,"column":4},"end":{"line":141,"column":54}},"70":{"start":{"line":142,"column":4},"end":{"line":148,"column":7}},"71":{"start":{"line":143,"column":6},"end":{"line":146,"column":null}},"72":{"start":{"line":144,"column":8},"end":{"line":144,"column":38}},"73":{"start":{"line":145,"column":8},"end":{"line":145,"column":15}},"74":{"start":{"line":147,"column":6},"end":{"line":147,"column":39}},"75":{"start":{"line":150,"column":0},"end":{"line":150,"column":null}},"76":{"start":{"line":6,"column":13},"end":{"line":6,"column":30}}},"fnMap":{"0":{"name":"(anonymous_1)","decl":{"start":{"line":6,"column":0},"end":{"line":6,"column":13}},"loc":{"start":{"line":6,"column":0},"end":{"line":150,"column":null}}},"1":{"name":"(anonymous_3)","decl":{"start":{"line":7,"column":2},"end":{"line":7,"column":9}},"loc":{"start":{"line":7,"column":50},"end":{"line":17,"column":3}}},"2":{"name":"(anonymous_4)","decl":{"start":{"line":10,"column":20},"end":{"line":10,"column":21}},"loc":{"start":{"line":10,"column":33},"end":{"line":16,"column":5}}},"3":{"name":"(anonymous_5)","decl":{"start":{"line":18,"column":2},"end":{"line":18,"column":9}},"loc":{"start":{"line":18,"column":47},"end":{"line":28,"column":3}}},"4":{"name":"(anonymous_6)","decl":{"start":{"line":20,"column":21},"end":{"line":20,"column":22}},"loc":{"start":{"line":20,"column":34},"end":{"line":27,"column":5}}},"5":{"name":"(anonymous_7)","decl":{"start":{"line":29,"column":2},"end":{"line":29,"column":9}},"loc":{"start":{"line":29,"column":51},"end":{"line":39,"column":3}}},"6":{"name":"(anonymous_8)","decl":{"start":{"line":31,"column":36},"end":{"line":31,"column":37}},"loc":{"start":{"line":31,"column":49},"end":{"line":38,"column":5}}},"7":{"name":"(anonymous_9)","decl":{"start":{"line":41,"column":2},"end":{"line":41,"column":9}},"loc":{"start":{"line":41,"column":51},"end":{"line":51,"column":3}}},"8":{"name":"(anonymous_10)","decl":{"start":{"line":43,"column":40},"end":{"line":43,"column":41}},"loc":{"start":{"line":43,"column":53},"end":{"line":50,"column":5}}},"9":{"name":"(anonymous_11)","decl":{"start":{"line":53,"column":2},"end":{"line":53,"column":9}},"loc":{"start":{"line":53,"column":50},"end":{"line":67,"column":3}}},"10":{"name":"(anonymous_12)","decl":{"start":{"line":59,"column":6},"end":{"line":59,"column":7}},"loc":{"start":{"line":59,"column":19},"end":{"line":65,"column":7}}},"11":{"name":"(anonymous_13)","decl":{"start":{"line":69,"column":2},"end":{"line":69,"column":9}},"loc":{"start":{"line":69,"column":45},"end":{"line":82,"column":3}}},"12":{"name":"(anonymous_14)","decl":{"start":{"line":74,"column":6},"end":{"line":74,"column":7}},"loc":{"start":{"line":74,"column":19},"end":{"line":80,"column":7}}},"13":{"name":"(anonymous_15)","decl":{"start":{"line":84,"column":2},"end":{"line":84,"column":9}},"loc":{"start":{"line":84,"column":44},"end":{"line":97,"column":3}}},"14":{"name":"(anonymous_16)","decl":{"start":{"line":89,"column":6},"end":{"line":89,"column":7}},"loc":{"start":{"line":89,"column":19},"end":{"line":95,"column":7}}},"15":{"name":"(anonymous_17)","decl":{"start":{"line":99,"column":2},"end":{"line":99,"column":9}},"loc":{"start":{"line":99,"column":50},"end":{"line":112,"column":3}}},"16":{"name":"(anonymous_18)","decl":{"start":{"line":104,"column":6},"end":{"line":104,"column":7}},"loc":{"start":{"line":104,"column":19},"end":{"line":110,"column":7}}},"17":{"name":"(anonymous_19)","decl":{"start":{"line":114,"column":2},"end":{"line":114,"column":9}},"loc":{"start":{"line":114,"column":51},"end":{"line":138,"column":3}}},"18":{"name":"(anonymous_20)","decl":{"start":{"line":130,"column":6},"end":{"line":130,"column":7}},"loc":{"start":{"line":130,"column":19},"end":{"line":136,"column":7}}},"19":{"name":"(anonymous_21)","decl":{"start":{"line":140,"column":2},"end":{"line":140,"column":9}},"loc":{"start":{"line":140,"column":50},"end":{"line":149,"column":3}}},"20":{"name":"(anonymous_22)","decl":{"start":{"line":142,"column":46},"end":{"line":142,"column":49}},"loc":{"start":{"line":142,"column":49},"end":{"line":148,"column":5}}}},"branchMap":{"0":{"loc":{"start":{"line":11,"column":6},"end":{"line":14,"column":null}},"type":"if","locations":[{"start":{"line":11,"column":6},"end":{"line":14,"column":null}},{"start":{"line":11,"column":6},"end":{"line":14,"column":null}}]},"1":{"loc":{"start":{"line":21,"column":6},"end":{"line":26,"column":null}},"type":"if","locations":[{"start":{"line":21,"column":6},"end":{"line":26,"column":null}},{"start":{"line":21,"column":6},"end":{"line":26,"column":null}}]},"2":{"loc":{"start":{"line":32,"column":6},"end":{"line":37,"column":null}},"type":"if","locations":[{"start":{"line":32,"column":6},"end":{"line":37,"column":null}},{"start":{"line":32,"column":6},"end":{"line":37,"column":null}}]},"3":{"loc":{"start":{"line":44,"column":6},"end":{"line":49,"column":null}},"type":"if","locations":[{"start":{"line":44,"column":6},"end":{"line":49,"column":null}},{"start":{"line":44,"column":6},"end":{"line":49,"column":null}}]},"4":{"loc":{"start":{"line":60,"column":8},"end":{"line":63,"column":null}},"type":"if","locations":[{"start":{"line":60,"column":8},"end":{"line":63,"column":null}},{"start":{"line":60,"column":8},"end":{"line":63,"column":null}}]},"5":{"loc":{"start":{"line":75,"column":8},"end":{"line":78,"column":null}},"type":"if","locations":[{"start":{"line":75,"column":8},"end":{"line":78,"column":null}},{"start":{"line":75,"column":8},"end":{"line":78,"column":null}}]},"6":{"loc":{"start":{"line":90,"column":8},"end":{"line":93,"column":null}},"type":"if","locations":[{"start":{"line":90,"column":8},"end":{"line":93,"column":null}},{"start":{"line":90,"column":8},"end":{"line":93,"column":null}}]},"7":{"loc":{"start":{"line":105,"column":8},"end":{"line":108,"column":null}},"type":"if","locations":[{"start":{"line":105,"column":8},"end":{"line":108,"column":null}},{"start":{"line":105,"column":8},"end":{"line":108,"column":null}}]},"8":{"loc":{"start":{"line":131,"column":8},"end":{"line":134,"column":null}},"type":"if","locations":[{"start":{"line":131,"column":8},"end":{"line":134,"column":null}},{"start":{"line":131,"column":8},"end":{"line":134,"column":null}}]},"9":{"loc":{"start":{"line":143,"column":6},"end":{"line":146,"column":null}},"type":"if","locations":[{"start":{"line":143,"column":6},"end":{"line":146,"column":null}},{"start":{"line":143,"column":6},"end":{"line":146,"column":null}}]}},"s":{"0":1,"1":1,"2":1,"3":1,"4":1,"5":0,"6":0,"7":0,"8":0,"9":0,"10":0,"11":0,"12":1,"13":0,"14":0,"15":0,"16":0,"17":0,"18":0,"19":1,"20":0,"21":0,"22":0,"23":0,"24":0,"25":0,"26":1,"27":0,"28":0,"29":0,"30":0,"31":0,"32":0,"33":1,"34":0,"35":0,"36":0,"37":0,"38":0,"39":0,"40":1,"41":0,"42":0,"43":0,"44":0,"45":0,"46":0,"47":1,"48":0,"49":0,"50":0,"51":0,"52":0,"53":0,"54":1,"55":0,"56":0,"57":0,"58":0,"59":0,"60":0,"61":1,"62":0,"63":0,"64":0,"65":0,"66":0,"67":0,"68":1,"69":0,"70":0,"71":0,"72":0,"73":0,"74":0,"75":1,"76":1},"f":{"0":2,"1":0,"2":0,"3":0,"4":0,"5":0,"6":0,"7":0,"8":0,"9":0,"10":0,"11":0,"12":0,"13":0,"14":0,"15":0,"16":0,"17":0,"18":0,"19":0,"20":0},"b":{"0":[0,0],"1":[0,0],"2":[0,0],"3":[0,0],"4":[0,0],"5":[0,0],"6":[0,0],"7":[0,0],"8":[0,0],"9":[0,0]}}
,"/Users/saifurrehman/Desktop/POCs/cumulus-bank/Accounts-Microservice/src/controllers/listing/lib/models/crmModel.ts": {"path":"/Users/saifurrehman/Desktop/POCs/cumulus-bank/Accounts-Microservice/src/controllers/listing/lib/models/crmModel.ts","statementMap":{"0":{"start":{"line":1,"column":0},"end":{"line":1,"column":37}},"1":{"start":{"line":3,"column":15},"end":{"line":3,"column":30}},"2":{"start":{"line":4,"column":16},"end":{"line":9,"column":2}},"3":{"start":{"line":10,"column":20},"end":{"line":17,"column":2}},"4":{"start":{"line":18,"column":26},"end":{"line":23,"column":2}},"5":{"start":{"line":24,"column":23},"end":{"line":28,"column":2}},"6":{"start":{"line":29,"column":13},"end":{"line":35,"column":3}}},"fnMap":{},"branchMap":{},"s":{"0":1,"1":1,"2":1,"3":1,"4":1,"5":1,"6":1},"f":{},"b":{}}
}
