TN:
SF:/Users/saifurrehman/Desktop/POCs/cumulus-bank/Accounts-Microservice/src/functions.ts
FN:74,(anonymous_0)
FN:77,(anonymous_1)
FN:78,(anonymous_2)
FN:79,(anonymous_3)
FN:82,(anonymous_4)
FN:83,(anonymous_5)
FN:84,(anonymous_6)
FN:87,(anonymous_7)
FN:88,(anonymous_8)
FN:89,(anonymous_9)
FN:92,(anonymous_10)
FN:93,(anonymous_11)
FN:94,(anonymous_12)
FN:97,(anonymous_13)
FN:98,(anonymous_14)
FNF:15
FNH:10
FNDA:1,(anonymous_0)
FNDA:1,(anonymous_1)
FNDA:0,(anonymous_2)
FNDA:1,(anonymous_3)
FNDA:1,(anonymous_4)
FNDA:0,(anonymous_5)
FNDA:1,(anonymous_6)
FNDA:1,(anonymous_7)
FNDA:0,(anonymous_8)
FNDA:1,(anonymous_9)
FNDA:1,(anonymous_10)
FNDA:0,(anonymous_11)
FNDA:2,(anonymous_12)
FNDA:2,(anonymous_13)
FNDA:0,(anonymous_14)
DA:1,1
DA:2,1
DA:73,1
DA:75,1
DA:77,1
DA:78,0
DA:80,1
DA:82,1
DA:83,0
DA:85,1
DA:87,1
DA:88,0
DA:90,1
DA:92,1
DA:93,0
DA:95,2
DA:97,2
DA:98,0
DA:100,1
LF:19
LH:14
BRF:0
BRH:0
end_of_record
TN:
SF:/Users/saifurrehman/Desktop/POCs/cumulus-bank/Accounts-Microservice/src/controllers/listing/lib/controllers/crmController.ts
FN:6,(anonymous_1)
FN:7,(anonymous_3)
FN:10,(anonymous_4)
FN:18,(anonymous_5)
FN:20,(anonymous_6)
FN:29,(anonymous_7)
FN:31,(anonymous_8)
FN:41,(anonymous_9)
FN:43,(anonymous_10)
FN:53,(anonymous_11)
FN:59,(anonymous_12)
FN:69,(anonymous_13)
FN:74,(anonymous_14)
FN:84,(anonymous_15)
FN:89,(anonymous_16)
FN:99,(anonymous_17)
FN:104,(anonymous_18)
FN:114,(anonymous_19)
FN:130,(anonymous_20)
FN:140,(anonymous_21)
FN:142,(anonymous_22)
FNF:21
FNH:1
FNDA:2,(anonymous_1)
FNDA:0,(anonymous_3)
FNDA:0,(anonymous_4)
FNDA:0,(anonymous_5)
FNDA:0,(anonymous_6)
FNDA:0,(anonymous_7)
FNDA:0,(anonymous_8)
FNDA:0,(anonymous_9)
FNDA:0,(anonymous_10)
FNDA:0,(anonymous_11)
FNDA:0,(anonymous_12)
FNDA:0,(anonymous_13)
FNDA:0,(anonymous_14)
FNDA:0,(anonymous_15)
FNDA:0,(anonymous_16)
FNDA:0,(anonymous_17)
FNDA:0,(anonymous_18)
FNDA:0,(anonymous_19)
FNDA:0,(anonymous_20)
FNDA:0,(anonymous_21)
FNDA:0,(anonymous_22)
DA:1,1
DA:2,1
DA:5,1
DA:6,1
DA:7,1
DA:8,0
DA:9,0
DA:10,0
DA:11,0
DA:12,0
DA:13,0
DA:15,0
DA:18,1
DA:19,0
DA:20,0
DA:21,0
DA:22,0
DA:23,0
DA:25,0
DA:29,1
DA:30,0
DA:31,0
DA:32,0
DA:33,0
DA:34,0
DA:36,0
DA:41,1
DA:42,0
DA:43,0
DA:44,0
DA:45,0
DA:46,0
DA:48,0
DA:53,1
DA:54,0
DA:55,0
DA:60,0
DA:61,0
DA:62,0
DA:64,0
DA:69,1
DA:70,0
DA:71,0
DA:75,0
DA:76,0
DA:77,0
DA:79,0
DA:84,1
DA:85,0
DA:86,0
DA:90,0
DA:91,0
DA:92,0
DA:94,0
DA:99,1
DA:100,0
DA:101,0
DA:105,0
DA:106,0
DA:107,0
DA:109,0
DA:114,1
DA:115,0
DA:116,0
DA:131,0
DA:132,0
DA:133,0
DA:135,0
DA:140,1
DA:141,0
DA:142,0
DA:143,0
DA:144,0
DA:145,0
DA:147,0
DA:150,1
LF:76
LH:15
BRDA:11,0,0,0
BRDA:11,0,1,0
BRDA:21,1,0,0
BRDA:21,1,1,0
BRDA:32,2,0,0
BRDA:32,2,1,0
BRDA:44,3,0,0
BRDA:44,3,1,0
BRDA:60,4,0,0
BRDA:60,4,1,0
BRDA:75,5,0,0
BRDA:75,5,1,0
BRDA:90,6,0,0
BRDA:90,6,1,0
BRDA:105,7,0,0
BRDA:105,7,1,0
BRDA:131,8,0,0
BRDA:131,8,1,0
BRDA:143,9,0,0
BRDA:143,9,1,0
BRF:20
BRH:0
end_of_record
TN:
SF:/Users/saifurrehman/Desktop/POCs/cumulus-bank/Accounts-Microservice/src/controllers/listing/lib/models/crmModel.ts
FNF:0
FNH:0
DA:1,1
DA:3,1
DA:4,1
DA:10,1
DA:18,1
DA:24,1
DA:29,1
LF:7
LH:7
BRF:0
BRH:0
end_of_record
